[2026-03-16T03:07:04.215+0000] {local_task_job_runner.py:120} INFO - ::group::Pre task execution logs
[2026-03-16T03:07:04.240+0000] {taskinstance.py:2076} INFO - Dependencies all met for dep_context=non-requeueable deps ti=<TaskInstance: dag_ingest_bronze.upload_csvs_para_minio manual__2026-03-16T03:07:01.944715+00:00 [queued]>
[2026-03-16T03:07:04.247+0000] {taskinstance.py:2076} INFO - Dependencies all met for dep_context=requeueable deps ti=<TaskInstance: dag_ingest_bronze.upload_csvs_para_minio manual__2026-03-16T03:07:01.944715+00:00 [queued]>
[2026-03-16T03:07:04.249+0000] {taskinstance.py:2306} INFO - Starting attempt 1 of 1
[2026-03-16T03:07:04.546+0000] {taskinstance.py:2330} INFO - Executing <Task(PythonOperator): upload_csvs_para_minio> on 2026-03-16 03:07:01.944715+00:00
[2026-03-16T03:07:04.554+0000] {standard_task_runner.py:90} INFO - Running: ['***', 'tasks', 'run', 'dag_ingest_bronze', 'upload_csvs_para_minio', 'manual__2026-03-16T03:07:01.944715+00:00', '--job-id', '2', '--raw', '--subdir', 'DAGS_FOLDER/dag_ingest_bronze.py', '--cfg-path', '/tmp/tmpq4bt1hv9']
[2026-03-16T03:07:04.555+0000] {logging_mixin.py:188} WARNING - /home/***/.local/lib/python3.12/site-packages/***/task/task_runner/standard_task_runner.py:61 DeprecationWarning: This process (pid=488) is multi-threaded, use of fork() may lead to deadlocks in the child.
[2026-03-16T03:07:04.562+0000] {standard_task_runner.py:91} INFO - Job 2: Subtask upload_csvs_para_minio
[2026-03-16T03:07:04.562+0000] {standard_task_runner.py:63} INFO - Started process 489 to run task
[2026-03-16T03:07:04.750+0000] {task_command.py:426} INFO - Running <TaskInstance: dag_ingest_bronze.upload_csvs_para_minio manual__2026-03-16T03:07:01.944715+00:00 [running]> on host 61cf00eb4179
[2026-03-16T03:07:04.931+0000] {taskinstance.py:2648} INFO - Exporting env vars: AIRFLOW_CTX_DAG_OWNER='***' AIRFLOW_CTX_DAG_ID='dag_ingest_bronze' AIRFLOW_CTX_TASK_ID='upload_csvs_para_minio' AIRFLOW_CTX_EXECUTION_DATE='2026-03-16T03:07:01.944715+00:00' AIRFLOW_CTX_TRY_NUMBER='1' AIRFLOW_CTX_DAG_RUN_ID='manual__2026-03-16T03:07:01.944715+00:00'
[2026-03-16T03:07:04.933+0000] {taskinstance.py:430} INFO - ::endgroup::
[2026-03-16T03:07:04.989+0000] {logging_mixin.py:188} INFO - Enviando olist_customers_dataset.csv para o bucket olist-raw...
[2026-03-16T03:07:05.692+0000] {logging_mixin.py:188} INFO - ✓ olist_customers_dataset.csv enviado com sucesso!
[2026-03-16T03:07:05.692+0000] {logging_mixin.py:188} INFO - Enviando olist_geolocation_dataset.csv para o bucket olist-raw...
[2026-03-16T03:07:07.445+0000] {logging_mixin.py:188} INFO - ✓ olist_geolocation_dataset.csv enviado com sucesso!
[2026-03-16T03:07:07.446+0000] {logging_mixin.py:188} INFO - Enviando olist_orders_dataset.csv para o bucket olist-raw...
[2026-03-16T03:07:07.902+0000] {logging_mixin.py:188} INFO - ✓ olist_orders_dataset.csv enviado com sucesso!
[2026-03-16T03:07:07.903+0000] {logging_mixin.py:188} INFO - Enviando olist_order_items_dataset.csv para o bucket olist-raw...
[2026-03-16T03:07:08.378+0000] {logging_mixin.py:188} INFO - ✓ olist_order_items_dataset.csv enviado com sucesso!
[2026-03-16T03:07:08.379+0000] {logging_mixin.py:188} INFO - Enviando olist_order_payments_dataset.csv para o bucket olist-raw...
[2026-03-16T03:07:08.940+0000] {logging_mixin.py:188} INFO - ✓ olist_order_payments_dataset.csv enviado com sucesso!
[2026-03-16T03:07:08.942+0000] {logging_mixin.py:188} INFO - Enviando olist_order_reviews_dataset.csv para o bucket olist-raw...
[2026-03-16T03:07:09.644+0000] {logging_mixin.py:188} INFO - ✓ olist_order_reviews_dataset.csv enviado com sucesso!
[2026-03-16T03:07:09.645+0000] {logging_mixin.py:188} INFO - Enviando olist_products_dataset.csv para o bucket olist-raw...
[2026-03-16T03:07:09.980+0000] {logging_mixin.py:188} INFO - ✓ olist_products_dataset.csv enviado com sucesso!
[2026-03-16T03:07:09.981+0000] {logging_mixin.py:188} INFO - Enviando olist_sellers_dataset.csv para o bucket olist-raw...
[2026-03-16T03:07:10.257+0000] {logging_mixin.py:188} INFO - ✓ olist_sellers_dataset.csv enviado com sucesso!
[2026-03-16T03:07:10.258+0000] {logging_mixin.py:188} INFO - Enviando product_category_name_translation.csv para o bucket olist-raw...
[2026-03-16T03:07:10.499+0000] {logging_mixin.py:188} INFO - ✓ product_category_name_translation.csv enviado com sucesso!
[2026-03-16T03:07:10.501+0000] {python.py:237} INFO - Done. Returned value was: None
[2026-03-16T03:07:10.503+0000] {taskinstance.py:441} INFO - ::group::Post task execution logs
[2026-03-16T03:07:10.530+0000] {taskinstance.py:1206} INFO - Marking task as SUCCESS. dag_id=dag_ingest_bronze, task_id=upload_csvs_para_minio, run_id=manual__2026-03-16T03:07:01.944715+00:00, execution_date=20260316T030701, start_date=20260316T030704, end_date=20260316T030710
[2026-03-16T03:07:10.598+0000] {local_task_job_runner.py:240} INFO - Task exited with return code 0
[2026-03-16T03:07:10.615+0000] {taskinstance.py:3498} INFO - 0 downstream tasks scheduled from follow-on schedule check
[2026-03-16T03:07:10.618+0000] {local_task_job_runner.py:222} INFO - ::endgroup::
