[2026-03-16T03:07:10.277+0000] {local_task_job_runner.py:120} INFO - ::group::Pre task execution logs
[2026-03-16T03:07:10.301+0000] {taskinstance.py:2076} INFO - Dependencies all met for dep_context=non-requeueable deps ti=<TaskInstance: dag_load_gold.construir_star_schema manual__2026-03-16T03:07:08.541827+00:00 [queued]>
[2026-03-16T03:07:10.310+0000] {taskinstance.py:2076} INFO - Dependencies all met for dep_context=requeueable deps ti=<TaskInstance: dag_load_gold.construir_star_schema manual__2026-03-16T03:07:08.541827+00:00 [queued]>
[2026-03-16T03:07:10.311+0000] {taskinstance.py:2306} INFO - Starting attempt 1 of 1
[2026-03-16T03:07:10.461+0000] {taskinstance.py:2330} INFO - Executing <Task(PythonOperator): construir_star_schema> on 2026-03-16 03:07:08.541827+00:00
[2026-03-16T03:07:10.474+0000] {logging_mixin.py:188} WARNING - /home/***/.local/lib/python3.12/site-packages/***/task/task_runner/standard_task_runner.py:61 DeprecationWarning: This process (pid=508) is multi-threaded, use of fork() may lead to deadlocks in the child.
[2026-03-16T03:07:10.473+0000] {standard_task_runner.py:90} INFO - Running: ['***', 'tasks', 'run', 'dag_load_gold', 'construir_star_schema', 'manual__2026-03-16T03:07:08.541827+00:00', '--job-id', '3', '--raw', '--subdir', 'DAGS_FOLDER/dag_load_gold.py', '--cfg-path', '/tmp/tmpiprmqssq']
[2026-03-16T03:07:10.476+0000] {standard_task_runner.py:63} INFO - Started process 525 to run task
[2026-03-16T03:07:10.477+0000] {standard_task_runner.py:91} INFO - Job 3: Subtask construir_star_schema
[2026-03-16T03:07:10.596+0000] {task_command.py:426} INFO - Running <TaskInstance: dag_load_gold.construir_star_schema manual__2026-03-16T03:07:08.541827+00:00 [running]> on host 61cf00eb4179
[2026-03-16T03:07:10.746+0000] {taskinstance.py:2648} INFO - Exporting env vars: AIRFLOW_CTX_DAG_OWNER='***' AIRFLOW_CTX_DAG_ID='dag_load_gold' AIRFLOW_CTX_TASK_ID='construir_star_schema' AIRFLOW_CTX_EXECUTION_DATE='2026-03-16T03:07:08.541827+00:00' AIRFLOW_CTX_TRY_NUMBER='1' AIRFLOW_CTX_DAG_RUN_ID='manual__2026-03-16T03:07:08.541827+00:00'
[2026-03-16T03:07:10.747+0000] {taskinstance.py:430} INFO - ::endgroup::
[2026-03-16T03:07:10.763+0000] {logging_mixin.py:188} INFO - Lendo tabelas Silver...
[2026-03-16T03:07:11.528+0000] {logging_mixin.py:188} INFO - Criando dim_cliente...
[2026-03-16T03:07:11.975+0000] {logging_mixin.py:188} INFO - Criando dim_produto...
[2026-03-16T03:07:12.110+0000] {logging_mixin.py:188} INFO - Criando dim_vendedor...
[2026-03-16T03:07:12.128+0000] {logging_mixin.py:188} INFO - Criando dim_tempo...
[2026-03-16T03:07:12.168+0000] {logging_mixin.py:188} INFO - Criando fct_pedidos...
[2026-03-16T03:07:13.359+0000] {logging_mixin.py:188} INFO - 
=== Resumo das tabelas Gold ===
[2026-03-16T03:07:13.361+0000] {logging_mixin.py:188} INFO -   dim_cliente: 99,441 linhas
[2026-03-16T03:07:13.363+0000] {logging_mixin.py:188} INFO -   dim_produto: 32,951 linhas
[2026-03-16T03:07:13.365+0000] {logging_mixin.py:188} INFO -   dim_vendedor: 3,095 linhas
[2026-03-16T03:07:13.366+0000] {logging_mixin.py:188} INFO -   dim_tempo: 634 linhas
[2026-03-16T03:07:13.368+0000] {logging_mixin.py:188} INFO -   fct_pedidos: 112,650 linhas
[2026-03-16T03:07:13.374+0000] {logging_mixin.py:188} INFO - 
✓ Camada Gold construída com sucesso!
[2026-03-16T03:07:13.389+0000] {python.py:237} INFO - Done. Returned value was: None
[2026-03-16T03:07:13.390+0000] {taskinstance.py:441} INFO - ::group::Post task execution logs
[2026-03-16T03:07:13.402+0000] {taskinstance.py:1206} INFO - Marking task as SUCCESS. dag_id=dag_load_gold, task_id=construir_star_schema, run_id=manual__2026-03-16T03:07:08.541827+00:00, execution_date=20260316T030708, start_date=20260316T030710, end_date=20260316T030713
[2026-03-16T03:07:13.509+0000] {local_task_job_runner.py:240} INFO - Task exited with return code 0
[2026-03-16T03:07:13.530+0000] {taskinstance.py:3498} INFO - 0 downstream tasks scheduled from follow-on schedule check
[2026-03-16T03:07:13.593+0000] {local_task_job_runner.py:222} INFO - ::endgroup::
