[2026-03-16T03:07:13.784+0000] {local_task_job_runner.py:120} INFO - ::group::Pre task execution logs
[2026-03-16T03:07:13.814+0000] {taskinstance.py:2076} INFO - Dependencies all met for dep_context=non-requeueable deps ti=<TaskInstance: dag_transform_silver.transformar_para_silver manual__2026-03-16T03:07:11.729933+00:00 [queued]>
[2026-03-16T03:07:13.823+0000] {taskinstance.py:2076} INFO - Dependencies all met for dep_context=requeueable deps ti=<TaskInstance: dag_transform_silver.transformar_para_silver manual__2026-03-16T03:07:11.729933+00:00 [queued]>
[2026-03-16T03:07:13.825+0000] {taskinstance.py:2306} INFO - Starting attempt 1 of 1
[2026-03-16T03:07:13.861+0000] {taskinstance.py:2330} INFO - Executing <Task(PythonOperator): transformar_para_silver> on 2026-03-16 03:07:11.729933+00:00
[2026-03-16T03:07:13.872+0000] {standard_task_runner.py:90} INFO - Running: ['***', 'tasks', 'run', 'dag_transform_silver', 'transformar_para_silver', 'manual__2026-03-16T03:07:11.729933+00:00', '--job-id', '4', '--raw', '--subdir', 'DAGS_FOLDER/dag_transform_silver.py', '--cfg-path', '/tmp/tmp_7r4b8me']
[2026-03-16T03:07:13.875+0000] {logging_mixin.py:188} WARNING - /home/***/.local/lib/python3.12/site-packages/***/task/task_runner/standard_task_runner.py:61 DeprecationWarning: This process (pid=552) is multi-threaded, use of fork() may lead to deadlocks in the child.
[2026-03-16T03:07:13.876+0000] {standard_task_runner.py:91} INFO - Job 4: Subtask transformar_para_silver
[2026-03-16T03:07:13.877+0000] {standard_task_runner.py:63} INFO - Started process 554 to run task
[2026-03-16T03:07:13.988+0000] {task_command.py:426} INFO - Running <TaskInstance: dag_transform_silver.transformar_para_silver manual__2026-03-16T03:07:11.729933+00:00 [running]> on host 61cf00eb4179
[2026-03-16T03:07:14.093+0000] {taskinstance.py:2648} INFO - Exporting env vars: AIRFLOW_CTX_DAG_OWNER='***' AIRFLOW_CTX_DAG_ID='dag_transform_silver' AIRFLOW_CTX_TASK_ID='transformar_para_silver' AIRFLOW_CTX_EXECUTION_DATE='2026-03-16T03:07:11.729933+00:00' AIRFLOW_CTX_TRY_NUMBER='1' AIRFLOW_CTX_DAG_RUN_ID='manual__2026-03-16T03:07:11.729933+00:00'
[2026-03-16T03:07:14.095+0000] {taskinstance.py:430} INFO - ::endgroup::
[2026-03-16T03:07:14.110+0000] {logging_mixin.py:188} INFO - 
==================================================
[2026-03-16T03:07:14.111+0000] {logging_mixin.py:188} INFO - Processando: olist_orders_dataset.csv
[2026-03-16T03:07:14.495+0000] {logging_mixin.py:188} INFO -   Linhas brutas: 99441
[2026-03-16T03:07:14.614+0000] {logging_mixin.py:188} INFO -   Linhas após limpeza: 99441
[2026-03-16T03:07:15.249+0000] {logging_mixin.py:188} INFO -   ✓ Salvo em silver/olist_orders_dataset.parquet
[2026-03-16T03:07:15.250+0000] {logging_mixin.py:188} INFO - 
==================================================
[2026-03-16T03:07:15.251+0000] {logging_mixin.py:188} INFO - Processando: olist_customers_dataset.csv
[2026-03-16T03:07:15.363+0000] {logging_mixin.py:188} INFO -   Linhas brutas: 99441
[2026-03-16T03:07:15.376+0000] {logging_mixin.py:188} INFO -   Linhas após limpeza: 99441
[2026-03-16T03:07:16.435+0000] {logging_mixin.py:188} INFO -   ✓ Salvo em silver/olist_customers_dataset.parquet
[2026-03-16T03:07:16.436+0000] {logging_mixin.py:188} INFO - 
==================================================
[2026-03-16T03:07:16.437+0000] {logging_mixin.py:188} INFO - Processando: olist_order_items_dataset.csv
[2026-03-16T03:07:16.625+0000] {logging_mixin.py:188} INFO -   Linhas brutas: 112650
[2026-03-16T03:07:16.671+0000] {logging_mixin.py:188} INFO -   Linhas após limpeza: 112650
[2026-03-16T03:07:18.170+0000] {logging_mixin.py:188} INFO -   ✓ Salvo em silver/olist_order_items_dataset.parquet
[2026-03-16T03:07:18.171+0000] {logging_mixin.py:188} INFO - 
==================================================
[2026-03-16T03:07:18.172+0000] {logging_mixin.py:188} INFO - Processando: olist_products_dataset.csv
[2026-03-16T03:07:18.204+0000] {logging_mixin.py:188} INFO -   Linhas brutas: 32951
[2026-03-16T03:07:18.208+0000] {logging_mixin.py:188} INFO -   Linhas após limpeza: 32951
[2026-03-16T03:07:18.699+0000] {logging_mixin.py:188} INFO -   ✓ Salvo em silver/olist_products_dataset.parquet
[2026-03-16T03:07:18.701+0000] {logging_mixin.py:188} INFO - 
==================================================
[2026-03-16T03:07:18.702+0000] {logging_mixin.py:188} INFO - Processando: olist_sellers_dataset.csv
[2026-03-16T03:07:18.712+0000] {logging_mixin.py:188} INFO -   Linhas brutas: 3095
[2026-03-16T03:07:18.714+0000] {logging_mixin.py:188} INFO -   Linhas após limpeza: 3095
[2026-03-16T03:07:19.115+0000] {logging_mixin.py:188} INFO -   ✓ Salvo em silver/olist_sellers_dataset.parquet
[2026-03-16T03:07:19.115+0000] {logging_mixin.py:188} INFO - 
==================================================
[2026-03-16T03:07:19.116+0000] {logging_mixin.py:188} INFO - Processando: olist_order_payments_dataset.csv
[2026-03-16T03:07:19.186+0000] {logging_mixin.py:188} INFO -   Linhas brutas: 103886
[2026-03-16T03:07:19.201+0000] {logging_mixin.py:188} INFO -   Linhas após limpeza: 103886
[2026-03-16T03:07:19.614+0000] {logging_mixin.py:188} INFO -   ✓ Salvo em silver/olist_order_payments_dataset.parquet
[2026-03-16T03:07:19.615+0000] {logging_mixin.py:188} INFO - 
==================================================
[2026-03-16T03:07:19.616+0000] {logging_mixin.py:188} INFO - Processando: olist_order_reviews_dataset.csv
[2026-03-16T03:07:19.842+0000] {logging_mixin.py:188} INFO -   Linhas brutas: 99224
[2026-03-16T03:07:19.890+0000] {logging_mixin.py:188} INFO -   Linhas após limpeza: 99224
[2026-03-16T03:07:21.656+0000] {logging_mixin.py:188} INFO -   ✓ Salvo em silver/olist_order_reviews_dataset.parquet
[2026-03-16T03:07:21.657+0000] {logging_mixin.py:188} INFO - 
==================================================
[2026-03-16T03:07:21.658+0000] {logging_mixin.py:188} INFO - Processando: olist_geolocation_dataset.csv
[2026-03-16T03:07:22.316+0000] {logging_mixin.py:188} INFO -   Linhas brutas: 1000163
[2026-03-16T03:07:22.337+0000] {logging_mixin.py:188} INFO -   Linhas após limpeza: 1000163
[2026-03-16T03:07:23.972+0000] {logging_mixin.py:188} INFO -   ✓ Salvo em silver/olist_geolocation_dataset.parquet
[2026-03-16T03:07:23.973+0000] {logging_mixin.py:188} INFO - 
==================================================
[2026-03-16T03:07:23.973+0000] {logging_mixin.py:188} INFO - Processando: product_category_name_translation.csv
[2026-03-16T03:07:23.979+0000] {logging_mixin.py:188} INFO -   Linhas brutas: 71
[2026-03-16T03:07:23.981+0000] {logging_mixin.py:188} INFO -   Linhas após limpeza: 71
[2026-03-16T03:07:24.496+0000] {logging_mixin.py:188} INFO -   ✓ Salvo em silver/product_category_name_translation.parquet
[2026-03-16T03:07:24.498+0000] {python.py:237} INFO - Done. Returned value was: None
[2026-03-16T03:07:24.502+0000] {taskinstance.py:441} INFO - ::group::Post task execution logs
[2026-03-16T03:07:24.518+0000] {taskinstance.py:1206} INFO - Marking task as SUCCESS. dag_id=dag_transform_silver, task_id=transformar_para_silver, run_id=manual__2026-03-16T03:07:11.729933+00:00, execution_date=20260316T030711, start_date=20260316T030713, end_date=20260316T030724
[2026-03-16T03:07:24.622+0000] {local_task_job_runner.py:240} INFO - Task exited with return code 0
[2026-03-16T03:07:24.633+0000] {taskinstance.py:3498} INFO - 0 downstream tasks scheduled from follow-on schedule check
[2026-03-16T03:07:24.736+0000] {local_task_job_runner.py:222} INFO - ::endgroup::
